Analysis & Synthesis report for Rcv
Fri Dec 23 13:40:14 2016
Quartus Prime Version 16.0.0 Build 211 04/27/2016 SJ Lite Edition


---------------------
; Table of Contents ;
---------------------
  1. Legal Notice
  2. Analysis & Synthesis Summary
  3. Analysis & Synthesis Settings
  4. Parallel Compilation
  5. Analysis & Synthesis Source Files Read
  6. Analysis & Synthesis Resource Usage Summary
  7. Analysis & Synthesis Resource Utilization by Entity
  8. State Machine - |in_FSM|my_state
  9. Registers Removed During Synthesis
 10. Removed Registers Triggering Further Register Optimizations
 11. General Register Statistics
 12. Port Connectivity Checks: "sequence_detector:preamble_detector"
 13. Post-Synthesis Netlist Statistics for Top Partition
 14. Elapsed Time Per Partition
 15. Analysis & Synthesis Messages



----------------
; Legal Notice ;
----------------
Copyright (C) 1991-2016 Altera Corporation. All rights reserved.
Your use of Altera Corporation's design tools, logic functions 
and other software and tools, and its AMPP partner logic 
functions, and any output files from any of the foregoing 
(including device programming or simulation files), and any 
associated documentation or information are expressly subject 
to the terms and conditions of the Altera Program License 
Subscription Agreement, the Altera Quartus Prime License Agreement,
the Altera MegaCore Function License Agreement, or other 
applicable license agreement, including, without limitation, 
that your use is for the sole purpose of programming logic 
devices manufactured by Altera and sold by Altera or its 
authorized distributors.  Please refer to the applicable 
agreement for further details.



+-------------------------------------------------------------------------------+
; Analysis & Synthesis Summary                                                  ;
+---------------------------------+---------------------------------------------+
; Analysis & Synthesis Status     ; Successful - Fri Dec 23 13:40:13 2016       ;
; Quartus Prime Version           ; 16.0.0 Build 211 04/27/2016 SJ Lite Edition ;
; Revision Name                   ; Rcv                                         ;
; Top-level Entity Name           ; in_FSM                                      ;
; Family                          ; Cyclone V                                   ;
; Logic utilization (in ALMs)     ; N/A                                         ;
; Total registers                 ; 8                                           ;
; Total pins                      ; 14                                          ;
; Total virtual pins              ; 0                                           ;
; Total block memory bits         ; 0                                           ;
; Total DSP Blocks                ; 0                                           ;
; Total HSSI RX PCSs              ; 0                                           ;
; Total HSSI PMA RX Deserializers ; 0                                           ;
; Total HSSI TX PCSs              ; 0                                           ;
; Total HSSI PMA TX Serializers   ; 0                                           ;
; Total PLLs                      ; 0                                           ;
; Total DLLs                      ; 0                                           ;
+---------------------------------+---------------------------------------------+


+---------------------------------------------------------------------------------------------------------------------------+
; Analysis & Synthesis Settings                                                                                             ;
+---------------------------------------------------------------------------------+--------------------+--------------------+
; Option                                                                          ; Setting            ; Default Value      ;
+---------------------------------------------------------------------------------+--------------------+--------------------+
; Device                                                                          ; 5CGXFC7C7F23C8     ;                    ;
; Top-level entity name                                                           ; in_FSM             ; Rcv                ;
; Family name                                                                     ; Cyclone V          ; Cyclone V          ;
; Maximum processors allowed for parallel compilation                             ; 2                  ;                    ;
; VHDL Show LMF Mapping Messages                                                  ; Off                ;                    ;
; VHDL Version                                                                    ; VHDL_2008          ; VHDL_1993          ;
; Use smart compilation                                                           ; Off                ; Off                ;
; Enable parallel Assembler and TimeQuest Timing Analyzer during compilation      ; On                 ; On                 ;
; Enable compact report table                                                     ; Off                ; Off                ;
; Restructure Multiplexers                                                        ; Auto               ; Auto               ;
; MLAB Add Timing Constraints For Mixed-Port Feed-Through Mode Setting Don't Care ; Off                ; Off                ;
; Create Debugging Nodes for IP Cores                                             ; Off                ; Off                ;
; Preserve fewer node names                                                       ; On                 ; On                 ;
; Disable OpenCore Plus hardware evaluation                                       ; Off                ; Off                ;
; Verilog Version                                                                 ; Verilog_2001       ; Verilog_2001       ;
; State Machine Processing                                                        ; Auto               ; Auto               ;
; Safe State Machine                                                              ; Off                ; Off                ;
; Extract Verilog State Machines                                                  ; On                 ; On                 ;
; Extract VHDL State Machines                                                     ; On                 ; On                 ;
; Ignore Verilog initial constructs                                               ; Off                ; Off                ;
; Iteration limit for constant Verilog loops                                      ; 5000               ; 5000               ;
; Iteration limit for non-constant Verilog loops                                  ; 250                ; 250                ;
; Add Pass-Through Logic to Inferred RAMs                                         ; On                 ; On                 ;
; Infer RAMs from Raw Logic                                                       ; On                 ; On                 ;
; Parallel Synthesis                                                              ; On                 ; On                 ;
; DSP Block Balancing                                                             ; Auto               ; Auto               ;
; NOT Gate Push-Back                                                              ; On                 ; On                 ;
; Power-Up Don't Care                                                             ; On                 ; On                 ;
; Remove Redundant Logic Cells                                                    ; Off                ; Off                ;
; Remove Duplicate Registers                                                      ; On                 ; On                 ;
; Ignore CARRY Buffers                                                            ; Off                ; Off                ;
; Ignore CASCADE Buffers                                                          ; Off                ; Off                ;
; Ignore GLOBAL Buffers                                                           ; Off                ; Off                ;
; Ignore ROW GLOBAL Buffers                                                       ; Off                ; Off                ;
; Ignore LCELL Buffers                                                            ; Off                ; Off                ;
; Ignore SOFT Buffers                                                             ; On                 ; On                 ;
; Limit AHDL Integers to 32 Bits                                                  ; Off                ; Off                ;
; Optimization Technique                                                          ; Balanced           ; Balanced           ;
; Carry Chain Length                                                              ; 70                 ; 70                 ;
; Auto Carry Chains                                                               ; On                 ; On                 ;
; Auto Open-Drain Pins                                                            ; On                 ; On                 ;
; Perform WYSIWYG Primitive Resynthesis                                           ; Off                ; Off                ;
; Auto ROM Replacement                                                            ; On                 ; On                 ;
; Auto RAM Replacement                                                            ; On                 ; On                 ;
; Auto DSP Block Replacement                                                      ; On                 ; On                 ;
; Auto Shift Register Replacement                                                 ; Auto               ; Auto               ;
; Allow Shift Register Merging across Hierarchies                                 ; Auto               ; Auto               ;
; Auto Clock Enable Replacement                                                   ; On                 ; On                 ;
; Strict RAM Replacement                                                          ; Off                ; Off                ;
; Allow Synchronous Control Signals                                               ; On                 ; On                 ;
; Force Use of Synchronous Clear Signals                                          ; Off                ; Off                ;
; Auto Resource Sharing                                                           ; Off                ; Off                ;
; Allow Any RAM Size For Recognition                                              ; Off                ; Off                ;
; Allow Any ROM Size For Recognition                                              ; Off                ; Off                ;
; Allow Any Shift Register Size For Recognition                                   ; Off                ; Off                ;
; Use LogicLock Constraints during Resource Balancing                             ; On                 ; On                 ;
; Ignore translate_off and synthesis_off directives                               ; Off                ; Off                ;
; Timing-Driven Synthesis                                                         ; On                 ; On                 ;
; Report Parameter Settings                                                       ; On                 ; On                 ;
; Report Source Assignments                                                       ; On                 ; On                 ;
; Report Connectivity Checks                                                      ; On                 ; On                 ;
; Ignore Maximum Fan-Out Assignments                                              ; Off                ; Off                ;
; Synchronization Register Chain Length                                           ; 3                  ; 3                  ;
; PowerPlay Power Optimization During Synthesis                                   ; Normal compilation ; Normal compilation ;
; HDL message level                                                               ; Level2             ; Level2             ;
; Suppress Register Optimization Related Messages                                 ; Off                ; Off                ;
; Number of Removed Registers Reported in Synthesis Report                        ; 5000               ; 5000               ;
; Number of Swept Nodes Reported in Synthesis Report                              ; 5000               ; 5000               ;
; Number of Inverted Registers Reported in Synthesis Report                       ; 100                ; 100                ;
; Clock MUX Protection                                                            ; On                 ; On                 ;
; Auto Gated Clock Conversion                                                     ; Off                ; Off                ;
; Block Design Naming                                                             ; Auto               ; Auto               ;
; SDC constraint protection                                                       ; Off                ; Off                ;
; Synthesis Effort                                                                ; Auto               ; Auto               ;
; Shift Register Replacement - Allow Asynchronous Clear Signal                    ; On                 ; On                 ;
; Pre-Mapping Resynthesis Optimization                                            ; Off                ; Off                ;
; Analysis & Synthesis Message Level                                              ; Medium             ; Medium             ;
; Disable Register Merging Across Hierarchies                                     ; Auto               ; Auto               ;
; Resource Aware Inference For Block RAM                                          ; On                 ; On                 ;
; Synthesis Seed                                                                  ; 1                  ; 1                  ;
; Automatic Parallel Synthesis                                                    ; On                 ; On                 ;
; Partial Reconfiguration Bitstream ID                                            ; Off                ; Off                ;
+---------------------------------------------------------------------------------+--------------------+--------------------+


+------------------------------------------+
; Parallel Compilation                     ;
+----------------------------+-------------+
; Processors                 ; Number      ;
+----------------------------+-------------+
; Number detected on machine ; 4           ;
; Maximum allowed            ; 2           ;
;                            ;             ;
; Average used               ; 1.00        ;
; Maximum used               ; 2           ;
;                            ;             ;
; Usage by Processor         ; % Time Used ;
;     Processor 1            ; 100.0%      ;
;     Processor 2            ;   0.0%      ;
+----------------------------+-------------+


+--------------------------------------------------------------------------------------------------------------------------------------------------------------------------+
; Analysis & Synthesis Source Files Read                                                                                                                                   ;
+----------------------------------+-----------------+-----------------+-----------------------------------------------------------------------------------------+---------+
; File Name with User-Entered Path ; Used in Netlist ; File Type       ; File Name with Absolute Path                                                            ; Library ;
+----------------------------------+-----------------+-----------------+-----------------------------------------------------------------------------------------+---------+
; in_FSM.vhd                       ; yes             ; User VHDL File  ; C:/Users/User/OneDrive/dev/VHDL/Ethernet_switch/Receive_subsystem/in_FSM.vhd            ;         ;
; sequence_detector.vhd            ; yes             ; User VHDL File  ; C:/Users/User/OneDrive/dev/VHDL/Ethernet_switch/Receive_subsystem/sequence_detector.vhd ;         ;
+----------------------------------+-----------------+-----------------+-----------------------------------------------------------------------------------------+---------+


+-------------------------------------------------------------+
; Analysis & Synthesis Resource Usage Summary                 ;
+---------------------------------------------+---------------+
; Resource                                    ; Usage         ;
+---------------------------------------------+---------------+
; Estimate of Logic utilization (ALMs needed) ; 4             ;
;                                             ;               ;
; Combinational ALUT usage for logic          ; 0             ;
;     -- 7 input functions                    ; 0             ;
;     -- 6 input functions                    ; 0             ;
;     -- 5 input functions                    ; 0             ;
;     -- 4 input functions                    ; 0             ;
;     -- <=3 input functions                  ; 0             ;
;                                             ;               ;
; Dedicated logic registers                   ; 8             ;
;                                             ;               ;
; I/O pins                                    ; 14            ;
;                                             ;               ;
; Total DSP Blocks                            ; 0             ;
;                                             ;               ;
; Maximum fan-out node                        ; clk_phy~input ;
; Maximum fan-out                             ; 8             ;
; Total fan-out                               ; 42            ;
; Average fan-out                             ; 1.17          ;
+---------------------------------------------+---------------+


+---------------------------------------------------------------------------------------------------------------------------------------------------------------------------------------------------------------------+
; Analysis & Synthesis Resource Utilization by Entity                                                                                                                                                                 ;
+------------------------------------------+-------------------+--------------+-------------------+------------+------+--------------+---------------------------------------------+-------------------+--------------+
; Compilation Hierarchy Node               ; LC Combinationals ; LC Registers ; Block Memory Bits ; DSP Blocks ; Pins ; Virtual Pins ; Full Hierarchy Name                         ; Entity Name       ; Library Name ;
+------------------------------------------+-------------------+--------------+-------------------+------------+------+--------------+---------------------------------------------+-------------------+--------------+
; |in_FSM                                  ; 0 (0)             ; 8 (0)        ; 0                 ; 0          ; 14   ; 0            ; |in_FSM                                     ; in_FSM            ; work         ;
;    |sequence_detector:preamble_detector| ; 0 (0)             ; 8 (8)        ; 0                 ; 0          ; 0    ; 0            ; |in_FSM|sequence_detector:preamble_detector ; sequence_detector ; work         ;
+------------------------------------------+-------------------+--------------+-------------------+------------+------+--------------+---------------------------------------------+-------------------+--------------+
Note: For table entries with two numbers listed, the numbers in parentheses indicate the number of resources of the given type used by the specific entity alone. The numbers listed outside of parentheses indicate the total resources of the given type used by the specific entity and all of its sub-entities in the hierarchy.


Encoding Type:  One-Hot
+-------------------------------------------------------------------------------+
; State Machine - |in_FSM|my_state                                              ;
+--------------------+--------------------+-------------------+-----------------+
; Name               ; my_state.s_discard ; my_state.s_stream ; my_state.s_idle ;
+--------------------+--------------------+-------------------+-----------------+
; my_state.s_idle    ; 0                  ; 0                 ; 0               ;
; my_state.s_stream  ; 0                  ; 1                 ; 1               ;
; my_state.s_discard ; 1                  ; 0                 ; 1               ;
+--------------------+--------------------+-------------------+-----------------+


+--------------------------------------------------------------------------+
; Registers Removed During Synthesis                                       ;
+-----------------------------------------------------+--------------------+
; Register name                                       ; Reason for Removal ;
+-----------------------------------------------------+--------------------+
; count[0..11]                                        ; Lost fanout        ;
; sequence_detector:preamble_detector|data_reg[1][3]  ; Lost fanout        ;
; sequence_detector:preamble_detector|data_reg[1][2]  ; Lost fanout        ;
; sequence_detector:preamble_detector|data_reg[1][1]  ; Lost fanout        ;
; sequence_detector:preamble_detector|data_reg[1][0]  ; Lost fanout        ;
; sequence_detector:preamble_detector|data_reg[2][3]  ; Lost fanout        ;
; sequence_detector:preamble_detector|data_reg[2][2]  ; Lost fanout        ;
; sequence_detector:preamble_detector|data_reg[2][1]  ; Lost fanout        ;
; sequence_detector:preamble_detector|data_reg[2][0]  ; Lost fanout        ;
; sequence_detector:preamble_detector|data_reg[3][3]  ; Lost fanout        ;
; sequence_detector:preamble_detector|data_reg[3][2]  ; Lost fanout        ;
; sequence_detector:preamble_detector|data_reg[3][1]  ; Lost fanout        ;
; sequence_detector:preamble_detector|data_reg[3][0]  ; Lost fanout        ;
; sequence_detector:preamble_detector|data_reg[4][3]  ; Lost fanout        ;
; sequence_detector:preamble_detector|data_reg[4][2]  ; Lost fanout        ;
; sequence_detector:preamble_detector|data_reg[4][1]  ; Lost fanout        ;
; sequence_detector:preamble_detector|data_reg[4][0]  ; Lost fanout        ;
; sequence_detector:preamble_detector|data_reg[5][3]  ; Lost fanout        ;
; sequence_detector:preamble_detector|data_reg[5][2]  ; Lost fanout        ;
; sequence_detector:preamble_detector|data_reg[5][1]  ; Lost fanout        ;
; sequence_detector:preamble_detector|data_reg[5][0]  ; Lost fanout        ;
; sequence_detector:preamble_detector|data_reg[6][3]  ; Lost fanout        ;
; sequence_detector:preamble_detector|data_reg[6][2]  ; Lost fanout        ;
; sequence_detector:preamble_detector|data_reg[6][1]  ; Lost fanout        ;
; sequence_detector:preamble_detector|data_reg[6][0]  ; Lost fanout        ;
; sequence_detector:preamble_detector|data_reg[7][3]  ; Lost fanout        ;
; sequence_detector:preamble_detector|data_reg[7][2]  ; Lost fanout        ;
; sequence_detector:preamble_detector|data_reg[7][1]  ; Lost fanout        ;
; sequence_detector:preamble_detector|data_reg[7][0]  ; Lost fanout        ;
; sequence_detector:preamble_detector|data_reg[8][3]  ; Lost fanout        ;
; sequence_detector:preamble_detector|data_reg[8][2]  ; Lost fanout        ;
; sequence_detector:preamble_detector|data_reg[8][1]  ; Lost fanout        ;
; sequence_detector:preamble_detector|data_reg[8][0]  ; Lost fanout        ;
; sequence_detector:preamble_detector|data_reg[9][3]  ; Lost fanout        ;
; sequence_detector:preamble_detector|data_reg[9][2]  ; Lost fanout        ;
; sequence_detector:preamble_detector|data_reg[9][1]  ; Lost fanout        ;
; sequence_detector:preamble_detector|data_reg[9][0]  ; Lost fanout        ;
; sequence_detector:preamble_detector|data_reg[10][3] ; Lost fanout        ;
; sequence_detector:preamble_detector|data_reg[10][2] ; Lost fanout        ;
; sequence_detector:preamble_detector|data_reg[10][1] ; Lost fanout        ;
; sequence_detector:preamble_detector|data_reg[10][0] ; Lost fanout        ;
; sequence_detector:preamble_detector|data_reg[11][3] ; Lost fanout        ;
; sequence_detector:preamble_detector|data_reg[11][2] ; Lost fanout        ;
; sequence_detector:preamble_detector|data_reg[11][1] ; Lost fanout        ;
; sequence_detector:preamble_detector|data_reg[11][0] ; Lost fanout        ;
; sequence_detector:preamble_detector|data_reg[12][3] ; Lost fanout        ;
; sequence_detector:preamble_detector|data_reg[12][2] ; Lost fanout        ;
; sequence_detector:preamble_detector|data_reg[12][1] ; Lost fanout        ;
; sequence_detector:preamble_detector|data_reg[12][0] ; Lost fanout        ;
; sequence_detector:preamble_detector|data_reg[13][3] ; Lost fanout        ;
; sequence_detector:preamble_detector|data_reg[13][2] ; Lost fanout        ;
; sequence_detector:preamble_detector|data_reg[13][1] ; Lost fanout        ;
; sequence_detector:preamble_detector|data_reg[13][0] ; Lost fanout        ;
; sequence_detector:preamble_detector|data_reg[14][3] ; Lost fanout        ;
; sequence_detector:preamble_detector|data_reg[14][2] ; Lost fanout        ;
; sequence_detector:preamble_detector|data_reg[14][1] ; Lost fanout        ;
; sequence_detector:preamble_detector|data_reg[14][0] ; Lost fanout        ;
; sequence_detector:preamble_detector|data_reg[15][3] ; Lost fanout        ;
; sequence_detector:preamble_detector|data_reg[15][2] ; Lost fanout        ;
; sequence_detector:preamble_detector|data_reg[15][1] ; Lost fanout        ;
; sequence_detector:preamble_detector|data_reg[15][0] ; Lost fanout        ;
; my_state.s_idle                                     ; Lost fanout        ;
; my_state.s_stream                                   ; Lost fanout        ;
; my_state.s_discard                                  ; Lost fanout        ;
; Total Number of Removed Registers = 75              ;                    ;
+-----------------------------------------------------+--------------------+


+-------------------------------------------------------------------------------------------------+
; Removed Registers Triggering Further Register Optimizations                                     ;
+---------------+--------------------+------------------------------------------------------------+
; Register name ; Reason for Removal ; Registers Removed due to This Register                     ;
+---------------+--------------------+------------------------------------------------------------+
; count[11]     ; Lost Fanouts       ; count[5], count[4], count[3], count[2], count[1], count[0] ;
+---------------+--------------------+------------------------------------------------------------+


+------------------------------------------------------+
; General Register Statistics                          ;
+----------------------------------------------+-------+
; Statistic                                    ; Value ;
+----------------------------------------------+-------+
; Total registers                              ; 8     ;
; Number of registers using Synchronous Clear  ; 0     ;
; Number of registers using Synchronous Load   ; 0     ;
; Number of registers using Asynchronous Clear ; 4     ;
; Number of registers using Asynchronous Load  ; 0     ;
; Number of registers using Clock Enable       ; 4     ;
; Number of registers using Preset             ; 0     ;
+----------------------------------------------+-------+


+-----------------------------------------------------------------+
; Port Connectivity Checks: "sequence_detector:preamble_detector" ;
+-------------------+-------+----------+--------------------------+
; Port              ; Type  ; Severity ; Details                  ;
+-------------------+-------+----------+--------------------------+
; sequence_in[1..0] ; Input ; Info     ; Stuck at VCC             ;
; sequence_in[63]   ; Input ; Info     ; Stuck at VCC             ;
; sequence_in[62]   ; Input ; Info     ; Stuck at GND             ;
; sequence_in[61]   ; Input ; Info     ; Stuck at VCC             ;
; sequence_in[60]   ; Input ; Info     ; Stuck at GND             ;
; sequence_in[59]   ; Input ; Info     ; Stuck at VCC             ;
; sequence_in[58]   ; Input ; Info     ; Stuck at GND             ;
; sequence_in[57]   ; Input ; Info     ; Stuck at VCC             ;
; sequence_in[56]   ; Input ; Info     ; Stuck at GND             ;
; sequence_in[55]   ; Input ; Info     ; Stuck at VCC             ;
; sequence_in[54]   ; Input ; Info     ; Stuck at GND             ;
; sequence_in[53]   ; Input ; Info     ; Stuck at VCC             ;
; sequence_in[52]   ; Input ; Info     ; Stuck at GND             ;
; sequence_in[51]   ; Input ; Info     ; Stuck at VCC             ;
; sequence_in[50]   ; Input ; Info     ; Stuck at GND             ;
; sequence_in[49]   ; Input ; Info     ; Stuck at VCC             ;
; sequence_in[48]   ; Input ; Info     ; Stuck at GND             ;
; sequence_in[47]   ; Input ; Info     ; Stuck at VCC             ;
; sequence_in[46]   ; Input ; Info     ; Stuck at GND             ;
; sequence_in[45]   ; Input ; Info     ; Stuck at VCC             ;
; sequence_in[44]   ; Input ; Info     ; Stuck at GND             ;
; sequence_in[43]   ; Input ; Info     ; Stuck at VCC             ;
; sequence_in[42]   ; Input ; Info     ; Stuck at GND             ;
; sequence_in[41]   ; Input ; Info     ; Stuck at VCC             ;
; sequence_in[40]   ; Input ; Info     ; Stuck at GND             ;
; sequence_in[39]   ; Input ; Info     ; Stuck at VCC             ;
; sequence_in[38]   ; Input ; Info     ; Stuck at GND             ;
; sequence_in[37]   ; Input ; Info     ; Stuck at VCC             ;
; sequence_in[36]   ; Input ; Info     ; Stuck at GND             ;
; sequence_in[35]   ; Input ; Info     ; Stuck at VCC             ;
; sequence_in[34]   ; Input ; Info     ; Stuck at GND             ;
; sequence_in[33]   ; Input ; Info     ; Stuck at VCC             ;
; sequence_in[32]   ; Input ; Info     ; Stuck at GND             ;
; sequence_in[31]   ; Input ; Info     ; Stuck at VCC             ;
; sequence_in[30]   ; Input ; Info     ; Stuck at GND             ;
; sequence_in[29]   ; Input ; Info     ; Stuck at VCC             ;
; sequence_in[28]   ; Input ; Info     ; Stuck at GND             ;
; sequence_in[27]   ; Input ; Info     ; Stuck at VCC             ;
; sequence_in[26]   ; Input ; Info     ; Stuck at GND             ;
; sequence_in[25]   ; Input ; Info     ; Stuck at VCC             ;
; sequence_in[24]   ; Input ; Info     ; Stuck at GND             ;
; sequence_in[23]   ; Input ; Info     ; Stuck at VCC             ;
; sequence_in[22]   ; Input ; Info     ; Stuck at GND             ;
; sequence_in[21]   ; Input ; Info     ; Stuck at VCC             ;
; sequence_in[20]   ; Input ; Info     ; Stuck at GND             ;
; sequence_in[19]   ; Input ; Info     ; Stuck at VCC             ;
; sequence_in[18]   ; Input ; Info     ; Stuck at GND             ;
; sequence_in[17]   ; Input ; Info     ; Stuck at VCC             ;
; sequence_in[16]   ; Input ; Info     ; Stuck at GND             ;
; sequence_in[15]   ; Input ; Info     ; Stuck at VCC             ;
; sequence_in[14]   ; Input ; Info     ; Stuck at GND             ;
; sequence_in[13]   ; Input ; Info     ; Stuck at VCC             ;
; sequence_in[12]   ; Input ; Info     ; Stuck at GND             ;
; sequence_in[11]   ; Input ; Info     ; Stuck at VCC             ;
; sequence_in[10]   ; Input ; Info     ; Stuck at GND             ;
; sequence_in[9]    ; Input ; Info     ; Stuck at VCC             ;
; sequence_in[8]    ; Input ; Info     ; Stuck at GND             ;
; sequence_in[7]    ; Input ; Info     ; Stuck at VCC             ;
; sequence_in[6]    ; Input ; Info     ; Stuck at GND             ;
; sequence_in[5]    ; Input ; Info     ; Stuck at VCC             ;
; sequence_in[4]    ; Input ; Info     ; Stuck at GND             ;
; sequence_in[3]    ; Input ; Info     ; Stuck at VCC             ;
; sequence_in[2]    ; Input ; Info     ; Stuck at GND             ;
+-------------------+-------+----------+--------------------------+


+-----------------------------------------------------+
; Post-Synthesis Netlist Statistics for Top Partition ;
+-----------------------+-----------------------------+
; Type                  ; Count                       ;
+-----------------------+-----------------------------+
; arriav_ff             ; 8                           ;
;     CLR               ; 4                           ;
;     ENA               ; 4                           ;
; arriav_lcell_comb     ; 1                           ;
;     normal            ; 1                           ;
;         0 data inputs ; 1                           ;
; boundary_port         ; 14                          ;
;                       ;                             ;
; Max LUT depth         ; 0.00                        ;
; Average LUT depth     ; 0.00                        ;
+-----------------------+-----------------------------+


+-------------------------------+
; Elapsed Time Per Partition    ;
+----------------+--------------+
; Partition Name ; Elapsed Time ;
+----------------+--------------+
; Top            ; 00:00:02     ;
+----------------+--------------+


+-------------------------------+
; Analysis & Synthesis Messages ;
+-------------------------------+
Info: *******************************************************************
Info: Running Quartus Prime Analysis & Synthesis
    Info: Version 16.0.0 Build 211 04/27/2016 SJ Lite Edition
    Info: Processing started: Fri Dec 23 13:39:14 2016
Info: Command: quartus_map --read_settings_files=on --write_settings_files=off Rcv -c Rcv
Info (20032): Parallel compilation is enabled and will use up to 2 processors
Info (12021): Found 2 design units, including 1 entities, in source file in_fsm.vhd
    Info (12022): Found design unit 1: in_FSM-rtl File: C:/Users/User/OneDrive/dev/VHDL/Ethernet_switch/Receive_subsystem/in_FSM.vhd Line: 20
    Info (12023): Found entity 1: in_FSM File: C:/Users/User/OneDrive/dev/VHDL/Ethernet_switch/Receive_subsystem/in_FSM.vhd Line: 5
Info (12021): Found 2 design units, including 1 entities, in source file rcv.vhd
    Info (12022): Found design unit 1: Rcv-toplevel File: C:/Users/User/OneDrive/dev/VHDL/Ethernet_switch/Receive_subsystem/Rcv.vhd Line: 19
    Info (12023): Found entity 1: Rcv File: C:/Users/User/OneDrive/dev/VHDL/Ethernet_switch/Receive_subsystem/Rcv.vhd Line: 5
Info (12021): Found 2 design units, including 1 entities, in source file sequence_detector.vhd
    Info (12022): Found design unit 1: sequence_detector-struct File: C:/Users/User/OneDrive/dev/VHDL/Ethernet_switch/Receive_subsystem/sequence_detector.vhd Line: 17
    Info (12023): Found entity 1: sequence_detector File: C:/Users/User/OneDrive/dev/VHDL/Ethernet_switch/Receive_subsystem/sequence_detector.vhd Line: 5
Info (12021): Found 2 design units, including 1 entities, in source file fifo_8.vhd
    Info (12022): Found design unit 1: fifo_8-SYN File: C:/Users/User/OneDrive/dev/VHDL/Ethernet_switch/Receive_subsystem/FIFO_8.vhd Line: 59
    Info (12023): Found entity 1: FIFO_8 File: C:/Users/User/OneDrive/dev/VHDL/Ethernet_switch/Receive_subsystem/FIFO_8.vhd Line: 43
Info (12021): Found 2 design units, including 1 entities, in source file fifo_4_to_8.vhd
    Info (12022): Found design unit 1: fifo_4_to_8-SYN File: C:/Users/User/OneDrive/dev/VHDL/Ethernet_switch/Receive_subsystem/FIFO_4_to_8.vhd Line: 59
    Info (12023): Found entity 1: FIFO_4_to_8 File: C:/Users/User/OneDrive/dev/VHDL/Ethernet_switch/Receive_subsystem/FIFO_4_to_8.vhd Line: 43
Info (12127): Elaborating entity "in_FSM" for the top level hierarchy
Warning (10541): VHDL Signal Declaration warning at in_FSM.vhd(13): used implicit default value for signal "start_out" because signal was never assigned a value or an explicit default value. Use of implicit default value may introduce unintended design optimizations. File: C:/Users/User/OneDrive/dev/VHDL/Ethernet_switch/Receive_subsystem/in_FSM.vhd Line: 13
Warning (10541): VHDL Signal Declaration warning at in_FSM.vhd(14): used implicit default value for signal "stop_out" because signal was never assigned a value or an explicit default value. Use of implicit default value may introduce unintended design optimizations. File: C:/Users/User/OneDrive/dev/VHDL/Ethernet_switch/Receive_subsystem/in_FSM.vhd Line: 14
Warning (10541): VHDL Signal Declaration warning at in_FSM.vhd(15): used implicit default value for signal "wren_out" because signal was never assigned a value or an explicit default value. Use of implicit default value may introduce unintended design optimizations. File: C:/Users/User/OneDrive/dev/VHDL/Ethernet_switch/Receive_subsystem/in_FSM.vhd Line: 15
Warning (10541): VHDL Signal Declaration warning at in_FSM.vhd(16): used implicit default value for signal "valid_out" because signal was never assigned a value or an explicit default value. Use of implicit default value may introduce unintended design optimizations. File: C:/Users/User/OneDrive/dev/VHDL/Ethernet_switch/Receive_subsystem/in_FSM.vhd Line: 16
Warning (10036): Verilog HDL or VHDL warning at in_FSM.vhd(22): object "my_state" assigned a value but never read File: C:/Users/User/OneDrive/dev/VHDL/Ethernet_switch/Receive_subsystem/in_FSM.vhd Line: 22
Warning (10541): VHDL Signal Declaration warning at in_FSM.vhd(40): used implicit default value for signal "CRC_detected" because signal was never assigned a value or an explicit default value. Use of implicit default value may introduce unintended design optimizations. File: C:/Users/User/OneDrive/dev/VHDL/Ethernet_switch/Receive_subsystem/in_FSM.vhd Line: 40
Warning (10541): VHDL Signal Declaration warning at in_FSM.vhd(41): used implicit default value for signal "CRC_valid" because signal was never assigned a value or an explicit default value. Use of implicit default value may introduce unintended design optimizations. File: C:/Users/User/OneDrive/dev/VHDL/Ethernet_switch/Receive_subsystem/in_FSM.vhd Line: 41
Info (12128): Elaborating entity "sequence_detector" for hierarchy "sequence_detector:preamble_detector" File: C:/Users/User/OneDrive/dev/VHDL/Ethernet_switch/Receive_subsystem/in_FSM.vhd Line: 68
Warning (10492): VHDL Process Statement warning at sequence_detector.vhd(46): signal "sequence_in" is read inside the Process Statement but isn't in the Process Statement's sensitivity list File: C:/Users/User/OneDrive/dev/VHDL/Ethernet_switch/Receive_subsystem/sequence_detector.vhd Line: 46
Warning (10492): VHDL Process Statement warning at sequence_detector.vhd(47): signal "sequence_in" is read inside the Process Statement but isn't in the Process Statement's sensitivity list File: C:/Users/User/OneDrive/dev/VHDL/Ethernet_switch/Receive_subsystem/sequence_detector.vhd Line: 47
Warning (10492): VHDL Process Statement warning at sequence_detector.vhd(48): signal "sequence_in" is read inside the Process Statement but isn't in the Process Statement's sensitivity list File: C:/Users/User/OneDrive/dev/VHDL/Ethernet_switch/Receive_subsystem/sequence_detector.vhd Line: 48
Warning (10492): VHDL Process Statement warning at sequence_detector.vhd(49): signal "sequence_in" is read inside the Process Statement but isn't in the Process Statement's sensitivity list File: C:/Users/User/OneDrive/dev/VHDL/Ethernet_switch/Receive_subsystem/sequence_detector.vhd Line: 49
Warning (10492): VHDL Process Statement warning at sequence_detector.vhd(50): signal "sequence_in" is read inside the Process Statement but isn't in the Process Statement's sensitivity list File: C:/Users/User/OneDrive/dev/VHDL/Ethernet_switch/Receive_subsystem/sequence_detector.vhd Line: 50
Warning (10492): VHDL Process Statement warning at sequence_detector.vhd(51): signal "sequence_in" is read inside the Process Statement but isn't in the Process Statement's sensitivity list File: C:/Users/User/OneDrive/dev/VHDL/Ethernet_switch/Receive_subsystem/sequence_detector.vhd Line: 51
Warning (10492): VHDL Process Statement warning at sequence_detector.vhd(52): signal "sequence_in" is read inside the Process Statement but isn't in the Process Statement's sensitivity list File: C:/Users/User/OneDrive/dev/VHDL/Ethernet_switch/Receive_subsystem/sequence_detector.vhd Line: 52
Warning (10492): VHDL Process Statement warning at sequence_detector.vhd(53): signal "sequence_in" is read inside the Process Statement but isn't in the Process Statement's sensitivity list File: C:/Users/User/OneDrive/dev/VHDL/Ethernet_switch/Receive_subsystem/sequence_detector.vhd Line: 53
Warning (10492): VHDL Process Statement warning at sequence_detector.vhd(54): signal "sequence_in" is read inside the Process Statement but isn't in the Process Statement's sensitivity list File: C:/Users/User/OneDrive/dev/VHDL/Ethernet_switch/Receive_subsystem/sequence_detector.vhd Line: 54
Warning (10492): VHDL Process Statement warning at sequence_detector.vhd(55): signal "sequence_in" is read inside the Process Statement but isn't in the Process Statement's sensitivity list File: C:/Users/User/OneDrive/dev/VHDL/Ethernet_switch/Receive_subsystem/sequence_detector.vhd Line: 55
Warning (10492): VHDL Process Statement warning at sequence_detector.vhd(56): signal "sequence_in" is read inside the Process Statement but isn't in the Process Statement's sensitivity list File: C:/Users/User/OneDrive/dev/VHDL/Ethernet_switch/Receive_subsystem/sequence_detector.vhd Line: 56
Warning (10492): VHDL Process Statement warning at sequence_detector.vhd(57): signal "sequence_in" is read inside the Process Statement but isn't in the Process Statement's sensitivity list File: C:/Users/User/OneDrive/dev/VHDL/Ethernet_switch/Receive_subsystem/sequence_detector.vhd Line: 57
Warning (10492): VHDL Process Statement warning at sequence_detector.vhd(58): signal "sequence_in" is read inside the Process Statement but isn't in the Process Statement's sensitivity list File: C:/Users/User/OneDrive/dev/VHDL/Ethernet_switch/Receive_subsystem/sequence_detector.vhd Line: 58
Warning (10492): VHDL Process Statement warning at sequence_detector.vhd(59): signal "sequence_in" is read inside the Process Statement but isn't in the Process Statement's sensitivity list File: C:/Users/User/OneDrive/dev/VHDL/Ethernet_switch/Receive_subsystem/sequence_detector.vhd Line: 59
Warning (10492): VHDL Process Statement warning at sequence_detector.vhd(60): signal "sequence_in" is read inside the Process Statement but isn't in the Process Statement's sensitivity list File: C:/Users/User/OneDrive/dev/VHDL/Ethernet_switch/Receive_subsystem/sequence_detector.vhd Line: 60
Warning (10492): VHDL Process Statement warning at sequence_detector.vhd(61): signal "sequence_in" is read inside the Process Statement but isn't in the Process Statement's sensitivity list File: C:/Users/User/OneDrive/dev/VHDL/Ethernet_switch/Receive_subsystem/sequence_detector.vhd Line: 61
Warning (13024): Output pins are stuck at VCC or GND
    Warning (13410): Pin "start_out" is stuck at GND File: C:/Users/User/OneDrive/dev/VHDL/Ethernet_switch/Receive_subsystem/in_FSM.vhd Line: 13
    Warning (13410): Pin "stop_out" is stuck at GND File: C:/Users/User/OneDrive/dev/VHDL/Ethernet_switch/Receive_subsystem/in_FSM.vhd Line: 14
    Warning (13410): Pin "wren_out" is stuck at GND File: C:/Users/User/OneDrive/dev/VHDL/Ethernet_switch/Receive_subsystem/in_FSM.vhd Line: 15
    Warning (13410): Pin "valid_out" is stuck at GND File: C:/Users/User/OneDrive/dev/VHDL/Ethernet_switch/Receive_subsystem/in_FSM.vhd Line: 16
Info (286030): Timing-Driven Synthesis is running
Info (17049): 75 registers lost all their fanouts during netlist optimizations.
Info (16010): Generating hard_block partition "hard_block:auto_generated_inst"
    Info (16011): Adding 0 node(s), including 0 DDIO, 0 PLL, 0 transceiver and 0 LCELL
Info (21057): Implemented 22 device resources after synthesis - the final resource count might be different
    Info (21058): Implemented 6 input pins
    Info (21059): Implemented 8 output pins
    Info (21061): Implemented 8 logic cells
Info: Quartus Prime Analysis & Synthesis was successful. 0 errors, 28 warnings
    Info: Peak virtual memory: 923 megabytes
    Info: Processing ended: Fri Dec 23 13:40:14 2016
    Info: Elapsed time: 00:01:00
    Info: Total CPU time (on all processors): 00:01:44


